1677479754497	geckodriver	INFO	Listening on 127.0.0.1:46329
1677479754545	mozrunner::runner	INFO	Running command: "/usr/bin/firefox" "--marionette" "--headless" "--remote-debugging-port" "60605" "--remote-allow-hosts" "localhost" "-no-remote" "-profile" "/tmp/rust_mozprofilecOE4p6"
*** You are running in headless mode.
1677479759596	Marionette	INFO	Marionette enabled
1677479759603	Marionette	INFO	Listening on port 44595
Read port: 44595
Read port: 44595
Read port: 44595
WebDriver BiDi listening on ws://127.0.0.1:60605
1677479762802	RemoteAgent	WARN	TLS certificate errors will be ignored for this session
console.error: Region.jsm: "Error fetching region" (new Error("TIMEOUT", "resource://gre/modules/Region.jsm", 768))
console.error: Region.jsm: "Failed to fetch region" (new Error("TIMEOUT", "resource://gre/modules/Region.jsm", 420))
[GFX1-]: RenderCompositorSWGL failed mapping default framebuffer, no dt
console.warn: SearchSettings: "get: No settings file exists, new profile?" (new NotFoundError("Could not open the file at /tmp/rust_mozprofilecOE4p6/search.json.mozlz4", (void 0)))
DevTools listening on ws://127.0.0.1:60605/devtools/browser/1b6130ac-5dde-4042-ac94-7d2225f58971
JavaScript warning: https://pagead2.googlesyndication.com/bg/tZsXipaSZXHHcL3TzAhvrOIdSpwDyJfWMGTb_6xT6xM.js line 2 > eval line 5612 > eval line 1 > eval line 1 > eval, line 1: WEBGL_debug_renderer_info is deprecated in Firefox and will be removed. Please use RENDERER.
1677479805171	geckodriver	INFO	Listening on 127.0.0.1:58147
1677479805174	mozrunner::runner	INFO	Running command: "/usr/bin/firefox" "--marionette" "--remote-debugging-port" "32865" "--remote-allow-hosts" "localhost" "-no-remote" "-profile" "/tmp/rust_mozprofilerCcrEs"
ATTENTION: default value of option mesa_glthread overridden by environment.
ATTENTION: default value of option mesa_glthread overridden by environment.
ATTENTION: default value of option mesa_glthread overridden by environment.
1677479806089	Marionette	INFO	Marionette enabled
ATTENTION: default value of option mesa_glthread overridden by environment.
1677479806093	Marionette	INFO	Listening on port 39245
WebDriver BiDi listening on ws://127.0.0.1:32865
Read port: 39245
1677479808515	RemoteAgent	WARN	TLS certificate errors will be ignored for this session
console.warn: SearchSettings: "get: No settings file exists, new profile?" (new NotFoundError("Could not open the file at /tmp/rust_mozprofilerCcrEs/search.json.mozlz4", (void 0)))
DevTools listening on ws://127.0.0.1:32865/devtools/browser/9d69cb7f-a9e2-41fa-b1d3-7b0dca237958
1677479830510	Marionette	INFO	Stopped listening on port 39245
1677479838329	geckodriver	INFO	Listening on 127.0.0.1:60685
1677479838333	mozrunner::runner	INFO	Running command: "/usr/bin/firefox" "--marionette" "--remote-debugging-port" "55519" "--remote-allow-hosts" "localhost" "-no-remote" "-profile" "/tmp/rust_mozprofileIjOf2t"
ATTENTION: default value of option mesa_glthread overridden by environment.
ATTENTION: default value of option mesa_glthread overridden by environment.
ATTENTION: default value of option mesa_glthread overridden by environment.
ATTENTION: default value of option mesa_glthread overridden by environment.
1677479839107	Marionette	INFO	Marionette enabled
1677479839112	Marionette	INFO	Listening on port 33907
WebDriver BiDi listening on ws://127.0.0.1:55519
Read port: 33907
Read port: 33907
1677479843009	RemoteAgent	WARN	TLS certificate errors will be ignored for this session
console.warn: SearchSettings: "get: No settings file exists, new profile?" (new NotFoundError("Could not open the file at /tmp/rust_mozprofileIjOf2t/search.json.mozlz4", (void 0)))
DevTools listening on ws://127.0.0.1:55519/devtools/browser/91969ba9-b006-4114-9891-339a2af0aebf
JavaScript error: resource://activity-stream/lib/ActivityStreamPrefs.jsm, line 27: NS_ERROR_ILLEGAL_VALUE: Component returned failure code: 0x80070057 (NS_ERROR_ILLEGAL_VALUE) [nsIPrefBranch.removeObserver]
1677479848461	Marionette	INFO	Stopped listening on port 33907
console.warn: services.settings: main/query-stripping sync interrupted by shutdown
JavaScript error: resource://gre/modules/AsyncShutdown.jsm, line 719: Error: Phase "IOUtils: waiting for profileBeforeChange IO to complete" is finished, it is too late to register completion condition "JSON store: writing data"
console.warn: TopSitesFeed: Failed to fetch data from Contile server: NetworkError when attempting to fetch resource.
JavaScript error: resource://activity-stream/lib/PlacesFeed.jsm, line 199: NS_ERROR_UNEXPECTED: Component returned failure code: 0x8000ffff (NS_ERROR_UNEXPECTED) [nsINavBookmarksService.addObserver]
JavaScript error: resource://gre/modules/AsyncShutdown.jsm, line 719: Error: Phase "IOUtils: waiting for profileBeforeChange IO to complete" is finished, it is too late to register completion condition "JSON store: writing data"
console.log: "RemoteSettingsWorker error: Error: Can't import when we've started shutting down."
console.log: "RemoteSettingsWorker error: Error: Can't import when we've started shutting down."
console.log: "RemoteSettingsWorker error: Error: Can't import when we've started shutting down."
console.log: "RemoteSettingsWorker error: Error: Can't import when we've started shutting down."
console.log: "RemoteSettingsWorker error: Error: Can't import when we've started shutting down."
console.log: "RemoteSettingsWorker error: Error: Can't import when we've started shutting down."
console.log: "RemoteSettingsWorker error: Error: Can't import when we've started shutting down."
JavaScript error: resource://gre/modules/AsyncShutdown.jsm, line 719: Error: Phase "profile-before-change" is finished, it is too late to register completion condition "DoHController: clear state and remove observers"
JavaScript error: resource://gre/modules/CrashManager.jsm, line 905: AbortError: IOUtils: Shutting down and refusing additional I/O tasks
RunWatchdog: Mainthread nested event loops during hang: 
 --- (no nested event loop active)
ExceptionHandler::GenerateDump cloned child ExceptionHandler::WaitForContinueSignal waiting for continue signal...
38943
ExceptionHandler::SendContinueSignalToChild sent continue signal to child
[GFX1-]: Unrecognized feature ACCELERATED_CANVAS2D
